{"level":"error","message":"Error: ReferenceError: x is not defined"}
{"level":"error","message":"Error: ReferenceError: x is not defined"}
{"level":"error","message":"Error: TypeError: Cannot read properties of undefined (reading 'from')"}
{"level":"error","message":"Error: TypeError: Cannot read properties of undefined (reading 'from')"}
{"level":"error","message":"Error: TypeError: Cannot read properties of undefined (reading 'from')"}
{"level":"error","message":"Error: TypeError: Cannot read properties of undefined (reading 'from')"}
{"level":"error","message":"Error: TypeError: Cannot read properties of undefined (reading 'from')"}
{"level":"error","message":"Error: TypeError: Cannot read properties of undefined (reading 'from')"}
{"level":"error","message":"Error: TypeError: Cannot read properties of undefined (reading 'from')"}
{"level":"error","message":"Error: TypeError: Cannot read properties of undefined (reading 'from')"}
{"level":"error","message":"Error: TypeError: Cannot read properties of undefined (reading 'from')"}
{"level":"error","message":"Error: ValidationError: thumbnail: Path `thumbnail` is required."}
{"level":"error","message":"Error: ValidationError: thumbnail: Path `thumbnail` is required."}
{"level":"error","message":"Error: ValidationError: thumbnail: Path `thumbnail` is required."}
{"level":"error","message":"Error: ValidationError: mensaje: Path `mensaje` is required., fecha: Path `fecha` is required."}
{"level":"error","message":"Error: ValidationError: thumbnail: Path `thumbnail` is required., title: Path `title` is required."}
{"level":"error","message":"Error: ValidationError: text: Path `text` is required., date: Path `date` is required., email: Path `email` is required."}
{"level":"error","message":"Error: ReferenceError: item is not defined"}
{"level":"error","message":"Error: ReferenceError: item is not defined"}
{"level":"error","message":"Error: ReferenceError: item is not defined"}
{"level":"error","message":"Error: ReferenceError: item is not defined"}
{"level":"error","message":"Error: CastError: Cast to ObjectId failed for value \"638\" (type number) at path \"_id\" for model \"products\""}
{"level":"error","message":"Error: CastError: Cast to ObjectId failed for value \"638\" (type number) at path \"_id\" for model \"products\""}
{"level":"error","message":"Error: MongoNotConnectedError: Client must be connected before running operations"}
{"level":"error","message":"Error: MongoNotConnectedError: Client must be connected before running operations"}
{"level":"error","message":"Error: MongoNotConnectedError: Client must be connected before running operations"}
{"level":"error","message":"Error: MongoNotConnectedError: Client must be connected before running operations"}
{"level":"error","message":"Error: MongoNotConnectedError: Client must be connected before running operations"}
{"level":"error","message":"Error: MongoNotConnectedError: Client must be connected before running operations"}
{"level":"error","message":"Error: MongoNotConnectedError: Client must be connected before running operations"}
{"level":"error","message":"Error: MongoNotConnectedError: Client must be connected before running operations"}
{"level":"error","message":"Error: ValidationError: thumbnail: Path `thumbnail` is required., title: Path `title` is required."}
{"level":"error","message":"Error: ValidationError: thumbnail: Path `thumbnail` is required., title: Path `title` is required."}
{"level":"error","message":"Error: ValidationError: thumbnail: Path `thumbnail` is required., title: Path `title` is required."}
